<?xml version="1.0" encoding="UTF-8"?>
<!-- Generated by org.testng.reporters.JUnitReportReporter -->
<testsuite hostname="DESKTOP-1DRG44F" failures="0" tests="1" name="testPackage.RegisterTestCase" time="14.760" errors="0" timestamp="2024-07-18T18:26:02 IST" skipped="0">
  <testcase classname="testPackage.RegisterTestCase" name="registerTC" time="14.760"/>
</testsuite> <!-- testPackage.RegisterTestCase -->
