<?xml version="1.0" encoding="UTF-8"?>
<!-- Generated by org.testng.reporters.JUnitReportReporter -->
<testsuite hostname="DESKTOP-1DRG44F" failures="0" tests="1" name="testPackage.BuyProductTestCase" time="17.551" errors="0" timestamp="2024-08-03T16:30:22 IST" skipped="0">
  <testcase classname="testPackage.BuyProductTestCase" name="buyProductTC" time="17.551"/>
</testsuite> <!-- testPackage.BuyProductTestCase -->
