<?xml version="1.0" encoding="UTF-8"?>
<!-- Generated by org.testng.reporters.JUnitReportReporter -->
<testsuite hostname="DESKTOP-1DRG44F" failures="0" tests="1" name="testPackage.BuyProductTestCase" time="16.721" errors="0" timestamp="2024-08-03T17:15:11 IST" skipped="0">
  <testcase classname="testPackage.BuyProductTestCase" name="buyProductTC" time="16.721"/>
</testsuite> <!-- testPackage.BuyProductTestCase -->
