<?xml version="1.0" encoding="UTF-8"?>
<!-- Generated by org.testng.reporters.JUnitReportReporter -->
<testsuite hostname="DESKTOP-1DRG44F" failures="0" tests="1" name="testPackage.ValidLoginTestCase" time="2.998" errors="0" timestamp="2024-08-03T17:15:11 IST" skipped="0">
  <testcase classname="testPackage.ValidLoginTestCase" name="validLoginTC" time="2.998"/>
</testsuite> <!-- testPackage.ValidLoginTestCase -->
