<?xml version="1.0" encoding="UTF-8"?>
<!-- Generated by org.testng.reporters.JUnitReportReporter -->
<testsuite hostname="DESKTOP-1DRG44F" failures="0" tests="1" name="testPackage.AddToCartTestCase" time="1.745" errors="0" timestamp="2024-08-03T17:15:11 IST" skipped="0">
  <testcase classname="testPackage.AddToCartTestCase" name="addToCartTC" time="1.745"/>
</testsuite> <!-- testPackage.AddToCartTestCase -->
