<?xml version="1.0" encoding="UTF-8"?>
<!-- Generated by org.testng.reporters.JUnitReportReporter -->
<testsuite hostname="DESKTOP-1DRG44F" failures="0" tests="1" name="testPackage.RemoveProductFromCartTestCase" time="4.810" errors="0" timestamp="2024-08-03T17:15:11 IST" skipped="0">
  <testcase classname="testPackage.RemoveProductFromCartTestCase" name="removeProductTC" time="4.810"/>
</testsuite> <!-- testPackage.RemoveProductFromCartTestCase -->
