<?xml version="1.0" encoding="UTF-8"?>
<!-- Generated by org.testng.reporters.JUnitReportReporter -->
<testsuite hostname="DESKTOP-1DRG44F" failures="0" tests="1" name="testPackage.RegisterTestCase" time="7.400" errors="0" timestamp="2024-08-02T17:12:57 IST" skipped="0">
  <testcase classname="testPackage.RegisterTestCase" name="registerTC" time="7.400"/>
</testsuite> <!-- testPackage.RegisterTestCase -->
